app/build/outputs/mapping/release/mapping.txt
# compiler: R8
# compiler_version: 1.5.69
# min_api: 17
# pg_map_id: 1011bb0
com.jcsamples.installkit.MainActivity -> com.jcsamples.installkit.MainActivity:
    com.jcsamples.installkit.adapters.AppListAdapter adapter -> t
    com.jcsamples.installkit.view.AppLoadingDialog dialog -> u
    androidx.swiperefreshlayout.widget.SwipeRefreshLayout swipeRefreshLayout -> r
    com.jcsamples.installkit.models.MainViewModel mainViewModel -> s
    android.widget.ListView listView -> q
    1:1:void <init>():26:26 -> <init>
    1:1:androidx.swiperefreshlayout.widget.SwipeRefreshLayout access$000(com.jcsamples.installkit.MainActivity):26:26 -> a
    2:2:com.jcsamples.installkit.adapters.AppListAdapter access$102(com.jcsamples.installkit.MainActivity,com.jcsamples.installkit.adapters.AppListAdapter):26:26 -> a
    3:3:void access$600(com.jcsamples.installkit.MainActivity,int):26:26 -> a
    1:1:com.jcsamples.installkit.adapters.AppListAdapter access$100(com.jcsamples.installkit.MainActivity):26:26 -> b
    2:2:boolean access$700(com.jcsamples.installkit.MainActivity,int):26:26 -> b
    1:1:android.widget.ListView access$200(com.jcsamples.installkit.MainActivity):26:26 -> c
    2:2:void handleListViewItemClick(int):142:142 -> c
    3:3:void handleListViewItemClick(int):144:144 -> c
    1:1:com.jcsamples.installkit.view.AppLoadingDialog access$300(com.jcsamples.installkit.MainActivity):26:26 -> d
    2:3:boolean listIsAtTop(int):149:150 -> d
    1:1:com.jcsamples.installkit.models.MainViewModel access$400(com.jcsamples.installkit.MainActivity):26:26 -> e
com.jcsamples.installkit.MainActivity$1 -> com.jcsamples.installkit.MainActivity$a:
    com.jcsamples.installkit.MainActivity this$0 -> a
    1:1:void <init>(com.jcsamples.installkit.MainActivity):50:50 -> <init>
    1:1:void onChanged(java.lang.Object):50:50 -> a
    2:5:void onChanged(java.util.List):53:56 -> a
com.jcsamples.installkit.MainActivity$2 -> com.jcsamples.installkit.MainActivity$b:
    com.jcsamples.installkit.MainActivity this$0 -> a
    1:1:void <init>(com.jcsamples.installkit.MainActivity):60:60 -> <init>
    1:1:void onChanged(java.lang.Object):60:60 -> a
    2:4:void onChanged(java.lang.Boolean):63:65 -> a
    5:5:void onChanged(java.lang.Boolean):67:67 -> a
com.jcsamples.installkit.MainActivity$3 -> com.jcsamples.installkit.MainActivity$c:
    com.jcsamples.installkit.MainActivity this$0 -> a
    1:1:void <init>(com.jcsamples.installkit.MainActivity):72:72 -> <init>
    1:1:void onChanged(java.lang.Object):72:72 -> a
    2:4:void onChanged(com.jcsamples.installkit.models.LoadingDialogModel):76:78 -> a
    5:5:void onChanged(com.jcsamples.installkit.models.LoadingDialogModel):77:77 -> a
    6:7:void onChanged(com.jcsamples.installkit.models.LoadingDialogModel):80:81 -> a
com.jcsamples.installkit.MainActivity$4 -> com.jcsamples.installkit.MainActivity$d:
    com.jcsamples.installkit.MainActivity this$0 -> a
    1:1:void <init>(com.jcsamples.installkit.MainActivity):114:114 -> <init>
    1:1:void onRefresh():116:116 -> a
com.jcsamples.installkit.MainActivity$5 -> com.jcsamples.installkit.MainActivity$e:
    com.jcsamples.installkit.MainActivity this$0 -> b
    1:1:void <init>(com.jcsamples.installkit.MainActivity):119:119 -> <init>
    1:1:void onItemClick(android.widget.AdapterView,android.view.View,int,long):122:122 -> onItemClick
com.jcsamples.installkit.MainActivity$6 -> com.jcsamples.installkit.MainActivity$f:
    com.jcsamples.installkit.MainActivity this$0 -> a
    1:1:void <init>(com.jcsamples.installkit.MainActivity):126:126 -> <init>
    1:4:void onScroll(android.widget.AbsListView,int,int,int):132:135 -> onScroll
...
androidx.appcompat.widget.FitWindowsViewGroup$OnFitSystemWindowsListener -> androidx.appcompat.widget.c0$a:
    void onFitSystemWindows(android.graphics.Rect) -> a
androidx.appcompat.widget.ForwardingListener -> androidx.appcompat.widget.d0:
    java.lang.Runnable mTriggerLongPress -> g
    java.lang.Runnable mDisallowIntercept -> f
    int mActivePointerId -> i
    float mScaledTouchSlop -> b
    int mLongPressTimeout -> d
    boolean mForwarding -> h
    android.view.View mSrc -> e
    int[] mTmpLocation -> j
    int mTapTimeout -> c
    1:1:void <init>(android.view.View):68:68 -> <init>
    2:2:void <init>(android.view.View):66:66 -> <init>
    3:5:void <init>(android.view.View):69:71 -> <init>
    6:7:void <init>(android.view.View):73:74 -> <init>
    8:8:void <init>(android.view.View):77:77 -> <init>
    androidx.appcompat.view.menu.ShowableListMenu getPopup() -> a
    1:3:boolean onTouchForwarded(android.view.MotionEvent):259:261 -> a
    4:5:boolean onTouchForwarded(android.view.MotionEvent):265:266 -> a
    6:8:boolean onTouchForwarded(android.view.MotionEvent):271:273 -> a
    9:10:boolean onTouchForwarded(android.view.MotionEvent):276:277 -> a
    11:11:boolean onTouchForwarded(android.view.MotionEvent):280:280 -> a
    12:13:boolean pointInView(android.view.View,float,float,float):289:290 -> a
    14:16:boolean toGlobalMotionEvent(android.view.View,android.view.MotionEvent):309:311 -> a
    boolean onForwardingStarted() -> b
    1:2:boolean onTouchObserved(android.view.MotionEvent):170:171 -> b
    3:3:boolean onTouchObserved(android.view.MotionEvent):175:175 -> b
androidx.appcompat.widget.ForwardingListener$DisallowIntercept -> androidx.appcompat.widget.d0$a:
    androidx.appcompat.widget.ForwardingListener this$0 -> b
    1:1:void <init>(androidx.appcompat.widget.ForwardingListener):316:316 -> <init>
    1:1:void run():321:321 -> run
    2:2:void run():323:323 -> run
androidx.appcompat.widget.ForwardingListener$TriggerLongPress -> androidx.appcompat.widget.d0$b:
    androidx.appcompat.widget.ForwardingListener this$0 -> b
    1:1:void <init>(androidx.appcompat.widget.ForwardingListener):329:329 -> <init>
    1:1:void run():334:334 -> run
androidx.appcompat.widget.LinearLayoutCompat -> androidx.appcompat.widget.e0:
    int mDividerHeight -> n
    int mShowDividers -> o
    int mDividerWidth -> m
    float mWeightSum -> h
    boolean mUseLargestChild -> i
    int mGravity -> f
    int mTotalLength -> g
    int mBaselineChildTop -> d
    int mOrientation -> e
    int mBaselineAlignedChildIndex -> c
    android.graphics.drawable.Drawable mDivider -> l
    int[] mMaxAscent -> j
    boolean mBaselineAligned -> b
    int[] mMaxDescent -> k
    int mDividerPadding -> p
    1:1:void <init>(android.content.Context):145:145 -> <init>
    2:2:void <init>(android.content.Context,android.util.AttributeSet):149:149 -> <init>
    3:3:void <init>(android.content.Context,android.util.AttributeSet,int):153:153 -> <init>
    4:4:void <init>(android.content.Context,android.util.AttributeSet,int):100:100 -> <init>
    5:5:void <init>(android.content.Context,android.util.AttributeSet,int):109:109 -> <init>
    6:6:void <init>(android.content.Context,android.util.AttributeSet,int):116:116 -> <init>
    7:7:void <init>(android.content.Context,android.util.AttributeSet,int):120:120 -> <init>
    8:8:void <init>(android.content.Context,android.util.AttributeSet,int):155:155 -> <init>
    9:9:void <init>(android.content.Context,android.util.AttributeSet,int):158:158 -> <init>
    10:10:void <init>(android.content.Context,android.util.AttributeSet,int):160:160 -> <init>